Flutter crash report.
Please report a bug at https://github.com/flutter/flutter/issues.

## command

flutter widget-preview start --machine --web-server --dtd-url ws://127.0.0.1:60242/3SDHP6e3ztU= --devtools-server-address http://127.0.0.1:9101/

## exception

FormatException: FormatException: Unexpected end of input (at character 1)

^


```
#0      _ChunkedJsonParser.fail (dart:convert-patch/convert_patch.dart:1467:5)
#1      _ChunkedJsonParser.close (dart:convert-patch/convert_patch.dart:497:7)
#2      _parseJson (dart:convert-patch/convert_patch.dart:36:10)
#3      JsonDecoder.convert (dart:convert/json.dart:641:36)
#4      JsonCodec.decode (dart:convert/json.dart:223:41)
#5      WebMemoryFS.write (package:flutter_tools/src/web/memory_fs.dart:33:12)
#6      WebDevFS.update (package:flutter_tools/src/isolated/devfs_web.dart:397:44)
<asynchronous suspension>
#7      ResidentWebRunner._updateDevFS (package:flutter_tools/src/isolated/resident_web_runner.dart:783:35)
<asynchronous suspension>
#8      ResidentWebRunner.restart (package:flutter_tools/src/isolated/resident_web_runner.dart:447:16)
<asynchronous suspension>
```

## flutter doctor

```
[✓] Flutter (Channel stable, 3.38.3, on Microsoft Windows [Version 10.0.26100.7171], locale en-PH) [268ms]
    • Flutter version 3.38.3 on channel stable at C:\flutter
    • Upstream repository https://github.com/flutter/flutter.git
    • Framework revision 19074d12f7 (2 weeks ago), 2025-11-20 17:53:13 -0500
    • Engine revision 13e658725d
    • Dart version 3.10.1
    • DevTools version 2.51.1
    • Feature flags: enable-web, enable-linux-desktop, enable-macos-desktop, enable-windows-desktop, enable-android, enable-ios, cli-animations, enable-native-assets, omit-legacy-version-file, enable-lldb-debugging

[✓] Windows Version (Windows 11 or higher, 24H2, 2009) [1,552ms]

[✓] Android toolchain - develop for Android devices (Android SDK version 36.1.0) [3.1s]
    • Android SDK at C:\Users\Lenovo\AppData\Local\Android\sdk
    • Emulator version 36.2.12.0 (build_id 14214601) (CL:N/A)
    • Platform android-36, build-tools 36.1.0
    • Java binary at: C:\Program Files\Android\Android Studio\jbr\bin\java
      This is the JDK bundled with the latest Android Studio installation on this machine.
      To manually set the JDK path, use: `flutter config --jdk-dir="path/to/jdk"`.
    • Java version OpenJDK Runtime Environment (build 21.0.8+-14196175-b1038.72)
    • All Android licenses accepted.

[✓] Chrome - develop for the web [8ms]
    • Chrome at C:\Program Files\Google\Chrome\Application\chrome.exe

[✗] Visual Studio - develop Windows apps [7ms]
    ✗ Visual Studio not installed; this is necessary to develop Windows apps.
      Download at https://visualstudio.microsoft.com/downloads/.
      Please install the "Desktop development with C++" workload, including all of its default components

[✓] Connected device (4 available) [405ms]
    • Infinix X6852 (mobile) • 121024046K103571 • android-arm64  • Android 15 (API 35)
    • Windows (desktop)      • windows          • windows-x64    • Microsoft Windows [Version 10.0.26100.7171]
    • Chrome (web)           • chrome           • web-javascript • Google Chrome 142.0.7444.176
    • Edge (web)             • edge             • web-javascript • Microsoft Edge 142.0.3595.94

[✓] Network resources [449ms]
    • All expected network resources are available.

! Doctor found issues in 1 category.
```
